[ 2017-10-22T08:48:30+08:00 ] 127.0.0.1 /
INFO: [ app_init ] --START--
INFO: Run Behavior\BuildLiteBehavior [ RunTime:0.000008s ]
INFO: [ app_init ] --END-- [ RunTime:0.002226s ]
INFO: [ app_begin ] --START--
INFO: Run Behavior\ReadHtmlCacheBehavior [ RunTime:0.005149s ]
INFO: [ app_begin ] --END-- [ RunTime:0.005211s ]
SQL: SELECT * FROM `jx_category`  [ RunTime:0.0122s ]
NOTIC: [2] Declaration of Admin\Model\GoodsModel::_before_insert(&$data) should be compatible with Think\Model::_before_insert(&$data, $options) E:\PHPstr\jxshop\Application\Admin\Model\GoodsModel.class.php 第 380 行.
NOTIC: [2] Declaration of Admin\Model\GoodsModel::_after_insert($data) should be compatible with Think\Model::_after_insert($data, $options) E:\PHPstr\jxshop\Application\Admin\Model\GoodsModel.class.php 第 380 行.
SQL: SELECT * FROM `jx_goods` WHERE ( is_sale=1 and is_hot = 1 ) LIMIT 5   [ RunTime:0.0039s ]
SQL: SELECT * FROM `jx_goods` WHERE ( is_sale=1 and is_rec = 1 ) LIMIT 5   [ RunTime:0.0003s ]
SQL: SELECT * FROM `jx_goods` WHERE ( is_sale=1 and is_new = 1 ) LIMIT 5   [ RunTime:0.0002s ]
SQL: SELECT * FROM `jx_goods` WHERE ( is_sale = 1 and cx_price > 0 and start<1508633310 and end >1508633310 ) LIMIT 5   [ RunTime:0.0004s ]
SQL: SELECT * FROM `jx_category` WHERE ( parent_id=0 )  [ RunTime:0.0002s ]
SQL: SELECT * FROM `jx_category` WHERE ( parent_id=3 )  [ RunTime:0.0002s ]
SQL: SELECT * FROM `jx_category` WHERE ( isrec = 1 and parent_id=3 )  [ RunTime:0.0002s ]
SQL: SELECT * FROM `jx_category`  [ RunTime:0.0002s ]
SQL: SHOW COLUMNS FROM `jx_goods` [ RunTime:0.0129s ]
SQL: SELECT * FROM `jx_goods` WHERE ( is_sale=1 and cate_id in (8,9,12,7) ) LIMIT 8   [ RunTime:0.0003s ]
SQL: SELECT * FROM `jx_category` WHERE ( parent_id=5 )  [ RunTime:0.0002s ]
SQL: SELECT * FROM `jx_category` WHERE ( isrec = 1 and parent_id=5 )  [ RunTime:0.0002s ]
SQL: SELECT * FROM `jx_category`  [ RunTime:0.0002s ]
SQL: SELECT * FROM `jx_goods` WHERE ( is_sale=1 and cate_id in (13,10) ) LIMIT 8   [ RunTime:0.0003s ]
SQL: SELECT * FROM `jx_category`  [ RunTime:0.0002s ]
NOTIC: [8] Undefined variable: tree E:\PHPstr\jxshop\Application\Admin\Model\CategoryModel.class.php 第 22 行.
SQL: SELECT * FROM `jx_goods` WHERE ( is_sale=1 and cate_id in (11) ) LIMIT 8   [ RunTime:0.0002s ]
INFO: [ view_parse ] --START--
INFO: [ template_filter ] --START--
INFO: Run Behavior\ContentReplaceBehavior [ RunTime:0.000133s ]
INFO: [ template_filter ] --END-- [ RunTime:0.000158s ]
INFO: Run Behavior\ParseTemplateBehavior [ RunTime:0.205846s ]
INFO: [ view_parse ] --END-- [ RunTime:0.205877s ]
INFO: [ view_filter ] --START--
INFO: Run Behavior\WriteHtmlCacheBehavior [ RunTime:0.010954s ]
INFO: [ view_filter ] --END-- [ RunTime:0.010984s ]
INFO: [ app_end ] --START--
INFO: Run Behavior\ShowPageTraceBehavior [ RunTime:0.013429s ]
INFO: [ app_end ] --END-- [ RunTime:0.013489s ]

[ 2017-10-22T08:48:30+08:00 ] 127.0.0.1 /favicon.ico
INFO: [ app_init ] --START--
INFO: Run Behavior\BuildLiteBehavior [ RunTime:0.000011s ]
INFO: [ app_init ] --END-- [ RunTime:0.000386s ]

[ 2017-10-22T08:48:32+08:00 ] 127.0.0.1 /User/login.html
INFO: [ app_init ] --START--
INFO: Run Behavior\BuildLiteBehavior [ RunTime:0.000007s ]
INFO: [ app_init ] --END-- [ RunTime:0.000273s ]
INFO: [ app_begin ] --START--
INFO: Run Behavior\ReadHtmlCacheBehavior [ RunTime:0.000220s ]
INFO: [ app_begin ] --END-- [ RunTime:0.000241s ]
SQL: SELECT * FROM `jx_category`  [ RunTime:0.0002s ]
INFO: [ view_parse ] --START--
INFO: [ template_filter ] --START--
INFO: Run Behavior\ContentReplaceBehavior [ RunTime:0.000050s ]
INFO: [ template_filter ] --END-- [ RunTime:0.000081s ]
INFO: Run Behavior\ParseTemplateBehavior [ RunTime:0.041618s ]
INFO: [ view_parse ] --END-- [ RunTime:0.041647s ]
INFO: [ view_filter ] --START--
INFO: Run Behavior\WriteHtmlCacheBehavior [ RunTime:0.000183s ]
INFO: [ view_filter ] --END-- [ RunTime:0.000200s ]
INFO: [ app_end ] --START--
INFO: Run Behavior\ShowPageTraceBehavior [ RunTime:0.000307s ]
INFO: [ app_end ] --END-- [ RunTime:0.000326s ]

[ 2017-10-22T08:48:32+08:00 ] 127.0.0.1 /User/code.html
INFO: [ app_init ] --START--
INFO: Run Behavior\BuildLiteBehavior [ RunTime:0.000006s ]
INFO: [ app_init ] --END-- [ RunTime:0.000215s ]
INFO: [ app_begin ] --START--
INFO: Run Behavior\ReadHtmlCacheBehavior [ RunTime:0.000242s ]
INFO: [ app_begin ] --END-- [ RunTime:0.000266s ]
SQL: SELECT * FROM `jx_category`  [ RunTime:0.0003s ]
INFO: [ app_end ] --START--
INFO: Run Behavior\ShowPageTraceBehavior [ RunTime:0.000477s ]
INFO: [ app_end ] --END-- [ RunTime:0.000515s ]

[ 2017-10-22T08:48:34+08:00 ] 127.0.0.1 /User/register.html
INFO: [ app_init ] --START--
INFO: Run Behavior\BuildLiteBehavior [ RunTime:0.000005s ]
INFO: [ app_init ] --END-- [ RunTime:0.000178s ]
INFO: [ app_begin ] --START--
INFO: Run Behavior\ReadHtmlCacheBehavior [ RunTime:0.000229s ]
INFO: [ app_begin ] --END-- [ RunTime:0.000250s ]
SQL: SELECT * FROM `jx_category`  [ RunTime:0.0004s ]
INFO: [ view_parse ] --START--
INFO: [ template_filter ] --START--
INFO: Run Behavior\ContentReplaceBehavior [ RunTime:0.000046s ]
INFO: [ template_filter ] --END-- [ RunTime:0.000073s ]
INFO: Run Behavior\ParseTemplateBehavior [ RunTime:0.027712s ]
INFO: [ view_parse ] --END-- [ RunTime:0.027742s ]
INFO: [ view_filter ] --START--
INFO: Run Behavior\WriteHtmlCacheBehavior [ RunTime:0.000189s ]
INFO: [ view_filter ] --END-- [ RunTime:0.000206s ]
INFO: [ app_end ] --START--
INFO: Run Behavior\ShowPageTraceBehavior [ RunTime:0.000291s ]
INFO: [ app_end ] --END-- [ RunTime:0.000308s ]

[ 2017-10-22T08:48:34+08:00 ] 127.0.0.1 /User/code.html
INFO: [ app_init ] --START--
INFO: Run Behavior\BuildLiteBehavior [ RunTime:0.000006s ]
INFO: [ app_init ] --END-- [ RunTime:0.000370s ]
INFO: [ app_begin ] --START--
INFO: Run Behavior\ReadHtmlCacheBehavior [ RunTime:0.000245s ]
INFO: [ app_begin ] --END-- [ RunTime:0.000268s ]
SQL: SELECT * FROM `jx_category`  [ RunTime:0.0002s ]
INFO: [ app_end ] --START--
INFO: Run Behavior\ShowPageTraceBehavior [ RunTime:0.000730s ]
INFO: [ app_end ] --END-- [ RunTime:0.000811s ]

[ 2017-10-22T08:48:38+08:00 ] 127.0.0.1 /User/index.html
INFO: [ app_init ] --START--
INFO: Run Behavior\BuildLiteBehavior [ RunTime:0.000006s ]
INFO: [ app_init ] --END-- [ RunTime:0.000187s ]
INFO: [ app_begin ] --START--
INFO: Run Behavior\ReadHtmlCacheBehavior [ RunTime:0.000229s ]
INFO: [ app_begin ] --END-- [ RunTime:0.000252s ]
SQL: SELECT * FROM `jx_category`  [ RunTime:0.0006s ]
ERR: 非法操作:index

[ 2017-10-22T08:48:42+08:00 ] 127.0.0.1 /
INFO: [ app_init ] --START--
INFO: Run Behavior\BuildLiteBehavior [ RunTime:0.000005s ]
INFO: [ app_init ] --END-- [ RunTime:0.000188s ]
INFO: [ app_begin ] --START--
INFO: Run Behavior\ReadHtmlCacheBehavior [ RunTime:0.000234s ]
INFO: [ app_begin ] --END-- [ RunTime:0.000255s ]
SQL: SELECT * FROM `jx_category`  [ RunTime:0.0004s ]
NOTIC: [2] Declaration of Admin\Model\GoodsModel::_before_insert(&$data) should be compatible with Think\Model::_before_insert(&$data, $options) E:\PHPstr\jxshop\Application\Admin\Model\GoodsModel.class.php 第 380 行.
NOTIC: [2] Declaration of Admin\Model\GoodsModel::_after_insert($data) should be compatible with Think\Model::_after_insert($data, $options) E:\PHPstr\jxshop\Application\Admin\Model\GoodsModel.class.php 第 380 行.
SQL: SELECT * FROM `jx_goods` WHERE ( is_sale=1 and is_hot = 1 ) LIMIT 5   [ RunTime:0.0006s ]
SQL: SELECT * FROM `jx_goods` WHERE ( is_sale=1 and is_rec = 1 ) LIMIT 5   [ RunTime:0.0006s ]
SQL: SELECT * FROM `jx_goods` WHERE ( is_sale=1 and is_new = 1 ) LIMIT 5   [ RunTime:0.0002s ]
SQL: SELECT * FROM `jx_goods` WHERE ( is_sale = 1 and cx_price > 0 and start<1508633322 and end >1508633322 ) LIMIT 5   [ RunTime:0.0002s ]
SQL: SELECT * FROM `jx_category` WHERE ( parent_id=0 )  [ RunTime:0.0002s ]
SQL: SELECT * FROM `jx_category` WHERE ( parent_id=3 )  [ RunTime:0.0002s ]
SQL: SELECT * FROM `jx_category` WHERE ( isrec = 1 and parent_id=3 )  [ RunTime:0.0002s ]
SQL: SELECT * FROM `jx_category`  [ RunTime:0.0002s ]
SQL: SHOW COLUMNS FROM `jx_goods` [ RunTime:0.0089s ]
SQL: SELECT * FROM `jx_goods` WHERE ( is_sale=1 and cate_id in (8,9,12,7) ) LIMIT 8   [ RunTime:0.0003s ]
SQL: SELECT * FROM `jx_category` WHERE ( parent_id=5 )  [ RunTime:0.0002s ]
SQL: SELECT * FROM `jx_category` WHERE ( isrec = 1 and parent_id=5 )  [ RunTime:0.0002s ]
SQL: SELECT * FROM `jx_category`  [ RunTime:0.0002s ]
SQL: SELECT * FROM `jx_goods` WHERE ( is_sale=1 and cate_id in (13,10) ) LIMIT 8   [ RunTime:0.0003s ]
SQL: SELECT * FROM `jx_category`  [ RunTime:0.0002s ]
NOTIC: [8] Undefined variable: tree E:\PHPstr\jxshop\Application\Admin\Model\CategoryModel.class.php 第 22 行.
SQL: SELECT * FROM `jx_goods` WHERE ( is_sale=1 and cate_id in (11) ) LIMIT 8   [ RunTime:0.0003s ]
INFO: [ view_parse ] --START--
INFO: [ template_filter ] --START--
INFO: Run Behavior\ContentReplaceBehavior [ RunTime:0.000125s ]
INFO: [ template_filter ] --END-- [ RunTime:0.000151s ]
INFO: Run Behavior\ParseTemplateBehavior [ RunTime:0.089595s ]
INFO: [ view_parse ] --END-- [ RunTime:0.089623s ]
INFO: [ view_filter ] --START--
INFO: Run Behavior\WriteHtmlCacheBehavior [ RunTime:0.000184s ]
INFO: [ view_filter ] --END-- [ RunTime:0.000203s ]
INFO: [ app_end ] --START--
INFO: Run Behavior\ShowPageTraceBehavior [ RunTime:0.000495s ]
INFO: [ app_end ] --END-- [ RunTime:0.000522s ]

[ 2017-10-22T08:48:44+08:00 ] 127.0.0.1 /Home/Cart.html
INFO: [ app_init ] --START--
INFO: Run Behavior\BuildLiteBehavior [ RunTime:0.000007s ]
INFO: [ app_init ] --END-- [ RunTime:0.000303s ]
INFO: [ app_begin ] --START--
INFO: Run Behavior\ReadHtmlCacheBehavior [ RunTime:0.000529s ]
INFO: [ app_begin ] --END-- [ RunTime:0.000580s ]
SQL: SELECT * FROM `jx_category`  [ RunTime:0.0004s ]
NOTIC: [2] Invalid argument supplied for foreach() E:\PHPstr\jxshop\Application\Home\Model\CartModel.class.php 第 111 行.
NOTIC: [2] Declaration of Admin\Model\GoodsModel::_before_insert(&$data) should be compatible with Think\Model::_before_insert(&$data, $options) E:\PHPstr\jxshop\Application\Admin\Model\GoodsModel.class.php 第 380 行.
NOTIC: [2] Declaration of Admin\Model\GoodsModel::_after_insert($data) should be compatible with Think\Model::_after_insert($data, $options) E:\PHPstr\jxshop\Application\Admin\Model\GoodsModel.class.php 第 380 行.
NOTIC: [8] Undefined variable: data E:\PHPstr\jxshop\Application\Home\Model\CartModel.class.php 第 123 行.
NOTIC: [2] Invalid argument supplied for foreach() E:\PHPstr\jxshop\Application\Home\Model\CartModel.class.php 第 123 行.
NOTIC: [8] Undefined variable: data E:\PHPstr\jxshop\Application\Home\Model\CartModel.class.php 第 138 行.
NOTIC: [2] Invalid argument supplied for foreach() E:\PHPstr\jxshop\Application\Home\Model\CartModel.class.php 第 144 行.
INFO: [ view_parse ] --START--
INFO: [ template_filter ] --START--
INFO: Run Behavior\ContentReplaceBehavior [ RunTime:0.007360s ]
INFO: [ template_filter ] --END-- [ RunTime:0.007390s ]
INFO: Run Behavior\ParseTemplateBehavior [ RunTime:0.067466s ]
INFO: [ view_parse ] --END-- [ RunTime:0.067493s ]
INFO: [ view_filter ] --START--
INFO: Run Behavior\WriteHtmlCacheBehavior [ RunTime:0.000177s ]
INFO: [ view_filter ] --END-- [ RunTime:0.000194s ]
INFO: [ app_end ] --START--
INFO: Run Behavior\ShowPageTraceBehavior [ RunTime:0.000289s ]
INFO: [ app_end ] --END-- [ RunTime:0.000306s ]

[ 2017-10-22T08:48:55+08:00 ] 127.0.0.1 /Home/Cart.html
INFO: [ app_init ] --START--
INFO: Run Behavior\BuildLiteBehavior [ RunTime:0.000006s ]
INFO: [ app_init ] --END-- [ RunTime:0.000187s ]
INFO: [ app_begin ] --START--
INFO: Run Behavior\ReadHtmlCacheBehavior [ RunTime:0.000234s ]
INFO: [ app_begin ] --END-- [ RunTime:0.000256s ]
SQL: SELECT * FROM `jx_category`  [ RunTime:0.0003s ]
NOTIC: [2] Invalid argument supplied for foreach() E:\PHPstr\jxshop\Application\Home\Model\CartModel.class.php 第 111 行.
NOTIC: [2] Declaration of Admin\Model\GoodsModel::_before_insert(&$data) should be compatible with Think\Model::_before_insert(&$data, $options) E:\PHPstr\jxshop\Application\Admin\Model\GoodsModel.class.php 第 380 行.
NOTIC: [2] Declaration of Admin\Model\GoodsModel::_after_insert($data) should be compatible with Think\Model::_after_insert($data, $options) E:\PHPstr\jxshop\Application\Admin\Model\GoodsModel.class.php 第 380 行.
NOTIC: [8] Undefined variable: data E:\PHPstr\jxshop\Application\Home\Model\CartModel.class.php 第 123 行.
NOTIC: [2] Invalid argument supplied for foreach() E:\PHPstr\jxshop\Application\Home\Model\CartModel.class.php 第 123 行.
NOTIC: [8] Undefined variable: data E:\PHPstr\jxshop\Application\Home\Model\CartModel.class.php 第 138 行.
NOTIC: [2] Invalid argument supplied for foreach() E:\PHPstr\jxshop\Application\Home\Model\CartModel.class.php 第 144 行.
INFO: [ view_parse ] --START--
INFO: [ template_filter ] --START--
INFO: Run Behavior\ContentReplaceBehavior [ RunTime:0.000046s ]
INFO: [ template_filter ] --END-- [ RunTime:0.000069s ]
INFO: Run Behavior\ParseTemplateBehavior [ RunTime:0.005341s ]
INFO: [ view_parse ] --END-- [ RunTime:0.005364s ]
INFO: [ view_filter ] --START--
INFO: Run Behavior\WriteHtmlCacheBehavior [ RunTime:0.000181s ]
INFO: [ view_filter ] --END-- [ RunTime:0.000198s ]
INFO: [ app_end ] --START--
INFO: Run Behavior\ShowPageTraceBehavior [ RunTime:0.000313s ]
INFO: [ app_end ] --END-- [ RunTime:0.000332s ]

[ 2017-10-22T08:49:10+08:00 ] 127.0.0.1 /Member/order.html
INFO: [ app_init ] --START--
INFO: Run Behavior\BuildLiteBehavior [ RunTime:0.000005s ]
INFO: [ app_init ] --END-- [ RunTime:0.000170s ]
INFO: [ app_begin ] --START--
INFO: Run Behavior\ReadHtmlCacheBehavior [ RunTime:0.000235s ]
INFO: [ app_begin ] --END-- [ RunTime:0.000269s ]
SQL: SELECT * FROM `jx_category`  [ RunTime:0.0003s ]
INFO: [ view_parse ] --START--
INFO: [ template_filter ] --START--
INFO: Run Behavior\ContentReplaceBehavior [ RunTime:0.000023s ]
INFO: [ template_filter ] --END-- [ RunTime:0.000050s ]
INFO: Run Behavior\ParseTemplateBehavior [ RunTime:0.043327s ]
INFO: [ view_parse ] --END-- [ RunTime:0.043371s ]
INFO: [ view_filter ] --START--
INFO: Run Behavior\WriteHtmlCacheBehavior [ RunTime:0.000182s ]
INFO: [ view_filter ] --END-- [ RunTime:0.000200s ]

[ 2017-10-22T08:49:14+08:00 ] 127.0.0.1 /Goods/index/goods_id/53.html
INFO: [ app_init ] --START--
INFO: Run Behavior\BuildLiteBehavior [ RunTime:0.000007s ]
INFO: [ app_init ] --END-- [ RunTime:0.000252s ]
INFO: [ app_begin ] --START--
INFO: Run Behavior\ReadHtmlCacheBehavior [ RunTime:0.000317s ]
INFO: [ app_begin ] --END-- [ RunTime:0.000346s ]
SQL: SELECT * FROM `jx_category`  [ RunTime:0.0003s ]
NOTIC: [2] Declaration of Admin\Model\GoodsModel::_before_insert(&$data) should be compatible with Think\Model::_before_insert(&$data, $options) E:\PHPstr\jxshop\Application\Admin\Model\GoodsModel.class.php 第 380 行.
NOTIC: [2] Declaration of Admin\Model\GoodsModel::_after_insert($data) should be compatible with Think\Model::_after_insert($data, $options) E:\PHPstr\jxshop\Application\Admin\Model\GoodsModel.class.php 第 380 行.
SQL: SELECT * FROM `jx_goods` WHERE ( is_sale=1 and id=53 ) LIMIT 1   [ RunTime:0.0004s ]
SQL: SHOW COLUMNS FROM `jx_goods_attr` [ RunTime:0.0223s ]
SQL: SELECT a.*,b.attr_name,b.attr_type FROM jx_goods_attr a left join jx_attribute b on a.attr_id = b.id  WHERE ( a.goods_id=53 )  [ RunTime:0.0056s ]
SQL: SHOW COLUMNS FROM `jx_goods_img` [ RunTime:0.0140s ]
SQL: SELECT * FROM `jx_goods_img` WHERE ( goods_id=53 )  [ RunTime:0.0003s ]
NOTIC: [2] Declaration of Home\Model\CommentModel::_before_insert(&$data) should be compatible with Think\Model::_before_insert(&$data, $options) E:\PHPstr\jxshop\Application\Home\Model\CommentModel.class.php 第 3 行.
NOTIC: [2] Declaration of Home\Model\CommentModel::_after_insert($data) should be compatible with Think\Model::_after_insert($data, $options) E:\PHPstr\jxshop\Application\Home\Model\CommentModel.class.php 第 3 行.
SQL: SELECT COUNT(*) AS tp_count FROM `jx_comment` WHERE ( goods_id=53 ) LIMIT 1   [ RunTime:0.0111s ]
SQL: SELECT a.*,b.username FROM jx_comment a left join jx_user b on a.user_id = b.id  WHERE ( goods_id=53 ) LIMIT 0,5   [ RunTime:0.0117s ]
SQL: SHOW COLUMNS FROM `jx_impression` [ RunTime:0.0191s ]
SQL: SELECT * FROM `jx_impression` WHERE ( goods_id=53 ) ORDER BY count desc LIMIT 8   [ RunTime:0.0009s ]
INFO: [ view_parse ] --START--
INFO: [ template_filter ] --START--
INFO: Run Behavior\ContentReplaceBehavior [ RunTime:0.000146s ]
INFO: [ template_filter ] --END-- [ RunTime:0.000185s ]
NOTIC: [8] Undefined variable: uniqid E:\PHPstr\jxshop\Application\Runtime\Cache\Home\7b3635392bd764ae088d371efaef15dc.php 第 414 行.
INFO: Run Behavior\ParseTemplateBehavior [ RunTime:0.108465s ]
INFO: [ view_parse ] --END-- [ RunTime:0.108489s ]
INFO: [ view_filter ] --START--
INFO: Run Behavior\WriteHtmlCacheBehavior [ RunTime:0.000189s ]
INFO: [ view_filter ] --END-- [ RunTime:0.000207s ]
INFO: [ app_end ] --START--
INFO: Run Behavior\ShowPageTraceBehavior [ RunTime:0.000549s ]
INFO: [ app_end ] --END-- [ RunTime:0.000592s ]

[ 2017-10-22T08:49:14+08:00 ] 127.0.0.1 /Public/Home/images/zoomloader.gif
INFO: [ app_init ] --START--
INFO: Run Behavior\BuildLiteBehavior [ RunTime:0.000006s ]
INFO: [ app_init ] --END-- [ RunTime:0.000204s ]

[ 2017-10-22T14:14:08+08:00 ] 127.0.0.1 /
INFO: [ app_init ] --START--
INFO: Run Behavior\BuildLiteBehavior [ RunTime:0.000029s ]
INFO: [ app_init ] --END-- [ RunTime:0.000452s ]
INFO: [ app_begin ] --START--
INFO: Run Behavior\ReadHtmlCacheBehavior [ RunTime:0.000509s ]
INFO: [ app_begin ] --END-- [ RunTime:0.000535s ]
SQL: SELECT * FROM `jx_category`  [ RunTime:0.0004s ]
NOTIC: [2] Declaration of Admin\Model\GoodsModel::_before_insert(&$data) should be compatible with Think\Model::_before_insert(&$data, $options) E:\PHPstr\jxshop\Application\Admin\Model\GoodsModel.class.php 第 380 行.
NOTIC: [2] Declaration of Admin\Model\GoodsModel::_after_insert($data) should be compatible with Think\Model::_after_insert($data, $options) E:\PHPstr\jxshop\Application\Admin\Model\GoodsModel.class.php 第 380 行.
SQL: SELECT * FROM `jx_goods` WHERE ( is_sale=1 and is_hot = 1 ) LIMIT 5   [ RunTime:0.0006s ]
SQL: SELECT * FROM `jx_goods` WHERE ( is_sale=1 and is_rec = 1 ) LIMIT 5   [ RunTime:0.0002s ]
SQL: SELECT * FROM `jx_goods` WHERE ( is_sale=1 and is_new = 1 ) LIMIT 5   [ RunTime:0.0002s ]
SQL: SELECT * FROM `jx_goods` WHERE ( is_sale = 1 and cx_price > 0 and start<1508652848 and end >1508652848 ) LIMIT 5   [ RunTime:0.0002s ]
SQL: SELECT * FROM `jx_category` WHERE ( parent_id=0 )  [ RunTime:0.0002s ]
SQL: SELECT * FROM `jx_category` WHERE ( parent_id=3 )  [ RunTime:0.0001s ]
SQL: SELECT * FROM `jx_category` WHERE ( isrec = 1 and parent_id=3 )  [ RunTime:0.0002s ]
SQL: SELECT * FROM `jx_category`  [ RunTime:0.0002s ]
SQL: SHOW COLUMNS FROM `jx_goods` [ RunTime:0.0142s ]
SQL: SELECT * FROM `jx_goods` WHERE ( is_sale=1 and cate_id in (8,9,12,7) ) LIMIT 8   [ RunTime:0.0003s ]
SQL: SELECT * FROM `jx_category` WHERE ( parent_id=5 )  [ RunTime:0.0002s ]
SQL: SELECT * FROM `jx_category` WHERE ( isrec = 1 and parent_id=5 )  [ RunTime:0.0004s ]
SQL: SELECT * FROM `jx_category`  [ RunTime:0.0002s ]
SQL: SELECT * FROM `jx_goods` WHERE ( is_sale=1 and cate_id in (13,10) ) LIMIT 8   [ RunTime:0.0003s ]
SQL: SELECT * FROM `jx_category`  [ RunTime:0.0002s ]
NOTIC: [8] Undefined variable: tree E:\PHPstr\jxshop\Application\Admin\Model\CategoryModel.class.php 第 22 行.
SQL: SELECT * FROM `jx_goods` WHERE ( is_sale=1 and cate_id in (11) ) LIMIT 8   [ RunTime:0.0002s ]
INFO: [ view_parse ] --START--
INFO: [ template_filter ] --START--
INFO: Run Behavior\ContentReplaceBehavior [ RunTime:0.000148s ]
INFO: [ template_filter ] --END-- [ RunTime:0.000183s ]
INFO: Run Behavior\ParseTemplateBehavior [ RunTime:0.100686s ]
INFO: [ view_parse ] --END-- [ RunTime:0.100715s ]
INFO: [ view_filter ] --START--
INFO: Run Behavior\WriteHtmlCacheBehavior [ RunTime:0.000248s ]
INFO: [ view_filter ] --END-- [ RunTime:0.000287s ]
INFO: [ app_end ] --START--
INFO: Run Behavior\ShowPageTraceBehavior [ RunTime:0.000550s ]
INFO: [ app_end ] --END-- [ RunTime:0.000603s ]

[ 2017-10-22T14:14:08+08:00 ] 127.0.0.1 /favicon.ico
INFO: [ app_init ] --START--
INFO: Run Behavior\BuildLiteBehavior [ RunTime:0.000007s ]
INFO: [ app_init ] --END-- [ RunTime:0.000228s ]

[ 2017-10-22T14:14:10+08:00 ] 127.0.0.1 /User/register.html
INFO: [ app_init ] --START--
INFO: Run Behavior\BuildLiteBehavior [ RunTime:0.000006s ]
INFO: [ app_init ] --END-- [ RunTime:0.000184s ]
INFO: [ app_begin ] --START--
INFO: Run Behavior\ReadHtmlCacheBehavior [ RunTime:0.000271s ]
INFO: [ app_begin ] --END-- [ RunTime:0.000294s ]
SQL: SELECT * FROM `jx_category`  [ RunTime:0.0002s ]
INFO: [ view_parse ] --START--
INFO: [ template_filter ] --START--
INFO: Run Behavior\ContentReplaceBehavior [ RunTime:0.000056s ]
INFO: [ template_filter ] --END-- [ RunTime:0.000083s ]
INFO: Run Behavior\ParseTemplateBehavior [ RunTime:0.003912s ]
INFO: [ view_parse ] --END-- [ RunTime:0.003942s ]
INFO: [ view_filter ] --START--
INFO: Run Behavior\WriteHtmlCacheBehavior [ RunTime:0.000150s ]
INFO: [ view_filter ] --END-- [ RunTime:0.000169s ]
INFO: [ app_end ] --START--
INFO: Run Behavior\ShowPageTraceBehavior [ RunTime:0.000593s ]
INFO: [ app_end ] --END-- [ RunTime:0.000638s ]

[ 2017-10-22T14:14:10+08:00 ] 127.0.0.1 /User/code.html
INFO: [ app_init ] --START--
INFO: Run Behavior\BuildLiteBehavior [ RunTime:0.000007s ]
INFO: [ app_init ] --END-- [ RunTime:0.000238s ]
INFO: [ app_begin ] --START--
INFO: Run Behavior\ReadHtmlCacheBehavior [ RunTime:0.000329s ]
INFO: [ app_begin ] --END-- [ RunTime:0.000365s ]
SQL: SELECT * FROM `jx_category`  [ RunTime:0.0003s ]
INFO: [ app_end ] --START--
INFO: Run Behavior\ShowPageTraceBehavior [ RunTime:0.001182s ]
INFO: [ app_end ] --END-- [ RunTime:0.001307s ]

[ 2017-10-22T14:14:12+08:00 ] 127.0.0.1 /User/login.html
INFO: [ app_init ] --START--
INFO: Run Behavior\BuildLiteBehavior [ RunTime:0.000005s ]
INFO: [ app_init ] --END-- [ RunTime:0.000188s ]
INFO: [ app_begin ] --START--
INFO: Run Behavior\ReadHtmlCacheBehavior [ RunTime:0.000284s ]
INFO: [ app_begin ] --END-- [ RunTime:0.000319s ]
SQL: SELECT * FROM `jx_category`  [ RunTime:0.0005s ]
INFO: [ view_parse ] --START--
INFO: [ template_filter ] --START--
INFO: Run Behavior\ContentReplaceBehavior [ RunTime:0.000042s ]
INFO: [ template_filter ] --END-- [ RunTime:0.000064s ]
INFO: Run Behavior\ParseTemplateBehavior [ RunTime:0.003572s ]
INFO: [ view_parse ] --END-- [ RunTime:0.003596s ]
INFO: [ view_filter ] --START--
INFO: Run Behavior\WriteHtmlCacheBehavior [ RunTime:0.000129s ]
INFO: [ view_filter ] --END-- [ RunTime:0.000147s ]
INFO: [ app_end ] --START--
INFO: Run Behavior\ShowPageTraceBehavior [ RunTime:0.000258s ]
INFO: [ app_end ] --END-- [ RunTime:0.000277s ]

[ 2017-10-22T14:14:12+08:00 ] 127.0.0.1 /User/code.html
INFO: [ app_init ] --START--
INFO: Run Behavior\BuildLiteBehavior [ RunTime:0.000007s ]
INFO: [ app_init ] --END-- [ RunTime:0.000320s ]
INFO: [ app_begin ] --START--
INFO: Run Behavior\ReadHtmlCacheBehavior [ RunTime:0.000399s ]
INFO: [ app_begin ] --END-- [ RunTime:0.000424s ]
SQL: SELECT * FROM `jx_category`  [ RunTime:0.0002s ]
INFO: [ app_end ] --START--
INFO: Run Behavior\ShowPageTraceBehavior [ RunTime:0.000440s ]
INFO: [ app_end ] --END-- [ RunTime:0.000480s ]

[ 2017-10-22T14:14:16+08:00 ] 127.0.0.1 /User/login.html
INFO: [ app_init ] --START--
INFO: Run Behavior\BuildLiteBehavior [ RunTime:0.000005s ]
INFO: [ app_init ] --END-- [ RunTime:0.000179s ]
INFO: [ app_begin ] --START--
INFO: Run Behavior\ReadHtmlCacheBehavior [ RunTime:0.000226s ]
INFO: [ app_begin ] --END-- [ RunTime:0.000245s ]
SQL: SELECT * FROM `jx_category`  [ RunTime:0.0003s ]
SQL: SELECT * FROM `jx_user` WHERE ( username='admin' ) LIMIT 1   [ RunTime:0.0004s ]
NOTIC: [2] Invalid argument supplied for foreach() E:\PHPstr\jxshop\Application\Home\Model\CartModel.class.php 第 82 行.

[ 2017-10-22T14:14:17+08:00 ] 127.0.0.1 /Index/index.html
INFO: [ app_init ] --START--
INFO: Run Behavior\BuildLiteBehavior [ RunTime:0.000006s ]
INFO: [ app_init ] --END-- [ RunTime:0.000191s ]
INFO: [ app_begin ] --START--
INFO: Run Behavior\ReadHtmlCacheBehavior [ RunTime:0.000238s ]
INFO: [ app_begin ] --END-- [ RunTime:0.000260s ]
SQL: SELECT * FROM `jx_category`  [ RunTime:0.0003s ]
NOTIC: [2] Declaration of Admin\Model\GoodsModel::_before_insert(&$data) should be compatible with Think\Model::_before_insert(&$data, $options) E:\PHPstr\jxshop\Application\Admin\Model\GoodsModel.class.php 第 380 行.
NOTIC: [2] Declaration of Admin\Model\GoodsModel::_after_insert($data) should be compatible with Think\Model::_after_insert($data, $options) E:\PHPstr\jxshop\Application\Admin\Model\GoodsModel.class.php 第 380 行.
SQL: SELECT * FROM `jx_goods` WHERE ( is_sale=1 and is_hot = 1 ) LIMIT 5   [ RunTime:0.0004s ]
SQL: SELECT * FROM `jx_goods` WHERE ( is_sale=1 and is_rec = 1 ) LIMIT 5   [ RunTime:0.0003s ]
SQL: SELECT * FROM `jx_goods` WHERE ( is_sale=1 and is_new = 1 ) LIMIT 5   [ RunTime:0.0002s ]
SQL: SELECT * FROM `jx_goods` WHERE ( is_sale = 1 and cx_price > 0 and start<1508652857 and end >1508652857 ) LIMIT 5   [ RunTime:0.0002s ]
SQL: SELECT * FROM `jx_category` WHERE ( parent_id=0 )  [ RunTime:0.0002s ]
SQL: SELECT * FROM `jx_category` WHERE ( parent_id=3 )  [ RunTime:0.0002s ]
SQL: SELECT * FROM `jx_category` WHERE ( isrec = 1 and parent_id=3 )  [ RunTime:0.0002s ]
SQL: SELECT * FROM `jx_category`  [ RunTime:0.0002s ]
SQL: SHOW COLUMNS FROM `jx_goods` [ RunTime:0.0160s ]
SQL: SELECT * FROM `jx_goods` WHERE ( is_sale=1 and cate_id in (8,9,12,7) ) LIMIT 8   [ RunTime:0.0003s ]
SQL: SELECT * FROM `jx_category` WHERE ( parent_id=5 )  [ RunTime:0.0002s ]
SQL: SELECT * FROM `jx_category` WHERE ( isrec = 1 and parent_id=5 )  [ RunTime:0.0002s ]
SQL: SELECT * FROM `jx_category`  [ RunTime:0.0002s ]
SQL: SELECT * FROM `jx_goods` WHERE ( is_sale=1 and cate_id in (13,10) ) LIMIT 8   [ RunTime:0.0003s ]
SQL: SELECT * FROM `jx_category`  [ RunTime:0.0002s ]
NOTIC: [8] Undefined variable: tree E:\PHPstr\jxshop\Application\Admin\Model\CategoryModel.class.php 第 22 行.
SQL: SELECT * FROM `jx_goods` WHERE ( is_sale=1 and cate_id in (11) ) LIMIT 8   [ RunTime:0.0003s ]
INFO: [ view_parse ] --START--
INFO: [ template_filter ] --START--
INFO: Run Behavior\ContentReplaceBehavior [ RunTime:0.000198s ]
INFO: [ template_filter ] --END-- [ RunTime:0.000248s ]
INFO: Run Behavior\ParseTemplateBehavior [ RunTime:0.090856s ]
INFO: [ view_parse ] --END-- [ RunTime:0.090897s ]
INFO: [ view_filter ] --START--
INFO: Run Behavior\WriteHtmlCacheBehavior [ RunTime:0.000132s ]
INFO: [ view_filter ] --END-- [ RunTime:0.000147s ]
INFO: [ app_end ] --START--
INFO: Run Behavior\ShowPageTraceBehavior [ RunTime:0.000505s ]
INFO: [ app_end ] --END-- [ RunTime:0.000531s ]

[ 2017-10-22T14:14:21+08:00 ] 127.0.0.1 /Goods/index/goods_id/53.html
INFO: [ app_init ] --START--
INFO: Run Behavior\BuildLiteBehavior [ RunTime:0.000007s ]
INFO: [ app_init ] --END-- [ RunTime:0.000254s ]
INFO: [ app_begin ] --START--
INFO: Run Behavior\ReadHtmlCacheBehavior [ RunTime:0.000218s ]
INFO: [ app_begin ] --END-- [ RunTime:0.000251s ]
SQL: SELECT * FROM `jx_category`  [ RunTime:0.0003s ]
NOTIC: [2] Declaration of Admin\Model\GoodsModel::_before_insert(&$data) should be compatible with Think\Model::_before_insert(&$data, $options) E:\PHPstr\jxshop\Application\Admin\Model\GoodsModel.class.php 第 380 行.
NOTIC: [2] Declaration of Admin\Model\GoodsModel::_after_insert($data) should be compatible with Think\Model::_after_insert($data, $options) E:\PHPstr\jxshop\Application\Admin\Model\GoodsModel.class.php 第 380 行.
SQL: SELECT * FROM `jx_goods` WHERE ( is_sale=1 and id=53 ) LIMIT 1   [ RunTime:0.0003s ]
SQL: SHOW COLUMNS FROM `jx_goods_attr` [ RunTime:0.0164s ]
SQL: SELECT a.*,b.attr_name,b.attr_type FROM jx_goods_attr a left join jx_attribute b on a.attr_id = b.id  WHERE ( a.goods_id=53 )  [ RunTime:0.0003s ]
SQL: SHOW COLUMNS FROM `jx_goods_img` [ RunTime:0.0089s ]
SQL: SELECT * FROM `jx_goods_img` WHERE ( goods_id=53 )  [ RunTime:0.0003s ]
NOTIC: [2] Declaration of Home\Model\CommentModel::_before_insert(&$data) should be compatible with Think\Model::_before_insert(&$data, $options) E:\PHPstr\jxshop\Application\Home\Model\CommentModel.class.php 第 3 行.
NOTIC: [2] Declaration of Home\Model\CommentModel::_after_insert($data) should be compatible with Think\Model::_after_insert($data, $options) E:\PHPstr\jxshop\Application\Home\Model\CommentModel.class.php 第 3 行.
SQL: SELECT COUNT(*) AS tp_count FROM `jx_comment` WHERE ( goods_id=53 ) LIMIT 1   [ RunTime:0.0004s ]
SQL: SELECT a.*,b.username FROM jx_comment a left join jx_user b on a.user_id = b.id  WHERE ( goods_id=53 ) LIMIT 0,5   [ RunTime:0.0003s ]
SQL: SHOW COLUMNS FROM `jx_impression` [ RunTime:0.0065s ]
SQL: SELECT * FROM `jx_impression` WHERE ( goods_id=53 ) ORDER BY count desc LIMIT 8   [ RunTime:0.0003s ]
INFO: [ view_parse ] --START--
INFO: [ template_filter ] --START--
INFO: Run Behavior\ContentReplaceBehavior [ RunTime:0.000148s ]
INFO: [ template_filter ] --END-- [ RunTime:0.000172s ]
NOTIC: [8] Undefined variable: uniqid E:\PHPstr\jxshop\Application\Runtime\Cache\Home\7b3635392bd764ae088d371efaef15dc.php 第 414 行.
INFO: Run Behavior\ParseTemplateBehavior [ RunTime:0.075512s ]
INFO: [ view_parse ] --END-- [ RunTime:0.075550s ]
INFO: [ view_filter ] --START--
INFO: Run Behavior\WriteHtmlCacheBehavior [ RunTime:0.000174s ]
INFO: [ view_filter ] --END-- [ RunTime:0.000191s ]
INFO: [ app_end ] --START--
INFO: Run Behavior\ShowPageTraceBehavior [ RunTime:0.000487s ]
INFO: [ app_end ] --END-- [ RunTime:0.000514s ]

[ 2017-10-22T14:14:21+08:00 ] 127.0.0.1 /Public/Home/images/zoomloader.gif
INFO: [ app_init ] --START--
INFO: Run Behavior\BuildLiteBehavior [ RunTime:0.000007s ]
INFO: [ app_init ] --END-- [ RunTime:0.000247s ]

