[ 2017-10-31T20:28:07+08:00 ] 127.0.0.1 /Admin/Index/index
INFO: [ app_init ] --START--
INFO: Run Behavior\BuildLiteBehavior [ RunTime:0.000012s ]
INFO: [ app_init ] --END-- [ RunTime:0.013536s ]
INFO: [ app_begin ] --START--
INFO: Run Behavior\ReadHtmlCacheBehavior [ RunTime:0.025358s ]
INFO: [ app_begin ] --END-- [ RunTime:0.025416s ]
INFO: [ view_parse ] --START--
INFO: [ template_filter ] --START--
INFO: Run Behavior\ContentReplaceBehavior [ RunTime:0.000495s ]
INFO: [ template_filter ] --END-- [ RunTime:0.000534s ]
INFO: Run Behavior\ParseTemplateBehavior [ RunTime:0.128674s ]
INFO: [ view_parse ] --END-- [ RunTime:0.128740s ]
INFO: [ view_filter ] --START--
INFO: Run Behavior\WriteHtmlCacheBehavior [ RunTime:0.002467s ]
INFO: [ view_filter ] --END-- [ RunTime:0.002561s ]

[ 2017-10-31T20:28:10+08:00 ] 127.0.0.1 /Admin/Login/login.html
INFO: [ app_init ] --START--
INFO: Run Behavior\BuildLiteBehavior [ RunTime:0.000008s ]
INFO: [ app_init ] --END-- [ RunTime:0.000208s ]
INFO: [ app_begin ] --START--
INFO: Run Behavior\ReadHtmlCacheBehavior [ RunTime:0.000245s ]
INFO: [ app_begin ] --END-- [ RunTime:0.000272s ]
INFO: [ view_parse ] --START--
INFO: [ template_filter ] --START--
INFO: Run Behavior\ContentReplaceBehavior [ RunTime:0.000036s ]
INFO: [ template_filter ] --END-- [ RunTime:0.000073s ]
INFO: Run Behavior\ParseTemplateBehavior [ RunTime:0.047514s ]
INFO: [ view_parse ] --END-- [ RunTime:0.047559s ]
INFO: [ view_filter ] --START--
INFO: Run Behavior\WriteHtmlCacheBehavior [ RunTime:0.000135s ]
INFO: [ view_filter ] --END-- [ RunTime:0.000157s ]
INFO: [ app_end ] --START--
INFO: Run Behavior\ShowPageTraceBehavior [ RunTime:0.008199s ]
INFO: [ app_end ] --END-- [ RunTime:0.008233s ]

[ 2017-10-31T20:28:10+08:00 ] 127.0.0.1 /Admin/Login/verify.html
INFO: [ app_init ] --START--
INFO: Run Behavior\BuildLiteBehavior [ RunTime:0.000008s ]
INFO: [ app_init ] --END-- [ RunTime:0.000202s ]
INFO: [ app_begin ] --START--
INFO: Run Behavior\ReadHtmlCacheBehavior [ RunTime:0.000380s ]
INFO: [ app_begin ] --END-- [ RunTime:0.000421s ]
INFO: [ app_end ] --START--
INFO: Run Behavior\ShowPageTraceBehavior [ RunTime:0.000367s ]
INFO: [ app_end ] --END-- [ RunTime:0.000413s ]

[ 2017-10-31T20:28:18+08:00 ] 127.0.0.1 /Admin/Login/login.html
INFO: [ app_init ] --START--
INFO: Run Behavior\BuildLiteBehavior [ RunTime:0.000011s ]
INFO: [ app_init ] --END-- [ RunTime:0.000273s ]
INFO: [ app_begin ] --START--
INFO: Run Behavior\ReadHtmlCacheBehavior [ RunTime:0.000327s ]
INFO: [ app_begin ] --END-- [ RunTime:0.000365s ]
NOTIC: [2048] Declaration of Admin\Model\AdminModel::_after_insert() should be compatible with Think\Model::_after_insert($data, $options) E:\PHPstr\jxshop\Application\Admin\Model\AdminModel.class.php 第 4 行.
SQL: SELECT * FROM `jx_admin` WHERE ( username = 'admin' ) LIMIT 1   [ RunTime:0.0063s ]
INFO: [ view_parse ] --START--
INFO: [ template_filter ] --START--
INFO: Run Behavior\ContentReplaceBehavior [ RunTime:0.000027s ]
INFO: [ template_filter ] --END-- [ RunTime:0.000053s ]
INFO: Run Behavior\ParseTemplateBehavior [ RunTime:0.004247s ]
INFO: [ view_parse ] --END-- [ RunTime:0.004288s ]
INFO: [ view_filter ] --START--
INFO: Run Behavior\WriteHtmlCacheBehavior [ RunTime:0.000238s ]
INFO: [ view_filter ] --END-- [ RunTime:0.000278s ]
INFO: [ app_end ] --START--
INFO: Run Behavior\ShowPageTraceBehavior [ RunTime:0.000402s ]
INFO: [ app_end ] --END-- [ RunTime:0.000441s ]

[ 2017-10-31T20:28:19+08:00 ] 127.0.0.1 /Admin/Index/index.html
INFO: [ app_init ] --START--
INFO: Run Behavior\BuildLiteBehavior [ RunTime:0.000007s ]
INFO: [ app_init ] --END-- [ RunTime:0.000201s ]
INFO: [ app_begin ] --START--
INFO: Run Behavior\ReadHtmlCacheBehavior [ RunTime:0.000246s ]
INFO: [ app_begin ] --END-- [ RunTime:0.000275s ]
ERR: 系统不支持:memcache

[ 2017-10-31T20:29:03+08:00 ] 127.0.0.1 /Admin/Index/index.html
INFO: [ app_init ] --START--
INFO: Run Behavior\BuildLiteBehavior [ RunTime:0.000011s ]
INFO: [ app_init ] --END-- [ RunTime:0.000566s ]
INFO: [ app_begin ] --START--
INFO: Run Behavior\ReadHtmlCacheBehavior [ RunTime:0.000604s ]
INFO: [ app_begin ] --END-- [ RunTime:0.000650s ]
NOTIC: [8] Memcache::connect():  E:\PHPstr\jxshop\ThinkPHP\Library\Think\Cache\Driver\Memcache.class.php 第 43 行.
NOTIC: [2] Memcache::connect():  E:\PHPstr\jxshop\ThinkPHP\Library\Think\Cache\Driver\Memcache.class.php 第 43 行.
NOTIC: [2] Memcache::get(): No servers added to memcache connection E:\PHPstr\jxshop\ThinkPHP\Library\Think\Cache\Driver\Memcache.class.php 第 55 行.
SQL: SHOW COLUMNS FROM `jx_admin_role` [ RunTime:0.0237s ]
SQL: SELECT * FROM `jx_admin_role` WHERE ( admin_id =1 ) LIMIT 1   [ RunTime:0.0009s ]
SQL: SELECT * FROM `jx_rule`  [ RunTime:0.0112s ]
NOTIC: [2] Memcache::set(): No servers added to memcache connection E:\PHPstr\jxshop\ThinkPHP\Library\Think\Cache\Driver\Memcache.class.php 第 72 行.
INFO: [ view_parse ] --START--
INFO: [ template_filter ] --START--
INFO: Run Behavior\ContentReplaceBehavior [ RunTime:0.000496s ]
INFO: [ template_filter ] --END-- [ RunTime:0.000539s ]
INFO: Run Behavior\ParseTemplateBehavior [ RunTime:0.026067s ]
INFO: [ view_parse ] --END-- [ RunTime:0.026108s ]
INFO: [ view_filter ] --START--
INFO: Run Behavior\WriteHtmlCacheBehavior [ RunTime:0.000225s ]
INFO: [ view_filter ] --END-- [ RunTime:0.000250s ]
INFO: [ app_end ] --START--
INFO: Run Behavior\ShowPageTraceBehavior [ RunTime:0.000402s ]
INFO: [ app_end ] --END-- [ RunTime:0.000429s ]

[ 2017-10-31T20:29:04+08:00 ] 127.0.0.1 /Admin/Index/top.html
INFO: [ app_init ] --START--
INFO: Run Behavior\BuildLiteBehavior [ RunTime:0.000010s ]
INFO: [ app_init ] --END-- [ RunTime:0.000229s ]
INFO: [ app_begin ] --START--
INFO: Run Behavior\ReadHtmlCacheBehavior [ RunTime:0.000342s ]
INFO: [ app_begin ] --END-- [ RunTime:0.000378s ]
NOTIC: [8] Memcache::connect():  E:\PHPstr\jxshop\ThinkPHP\Library\Think\Cache\Driver\Memcache.class.php 第 43 行.
NOTIC: [2] Memcache::connect():  E:\PHPstr\jxshop\ThinkPHP\Library\Think\Cache\Driver\Memcache.class.php 第 43 行.
NOTIC: [2] Memcache::get(): No servers added to memcache connection E:\PHPstr\jxshop\ThinkPHP\Library\Think\Cache\Driver\Memcache.class.php 第 55 行.
SQL: SHOW COLUMNS FROM `jx_admin_role` [ RunTime:0.0239s ]
SQL: SELECT * FROM `jx_admin_role` WHERE ( admin_id =1 ) LIMIT 1   [ RunTime:0.0003s ]
SQL: SELECT * FROM `jx_rule`  [ RunTime:0.0004s ]
NOTIC: [2] Memcache::set(): No servers added to memcache connection E:\PHPstr\jxshop\ThinkPHP\Library\Think\Cache\Driver\Memcache.class.php 第 72 行.
INFO: [ view_parse ] --START--
INFO: [ template_filter ] --START--
INFO: Run Behavior\ContentReplaceBehavior [ RunTime:0.000044s ]
INFO: [ template_filter ] --END-- [ RunTime:0.000080s ]
INFO: Run Behavior\ParseTemplateBehavior [ RunTime:0.025683s ]
INFO: [ view_parse ] --END-- [ RunTime:0.025725s ]
INFO: [ view_filter ] --START--
INFO: Run Behavior\WriteHtmlCacheBehavior [ RunTime:0.000143s ]
INFO: [ view_filter ] --END-- [ RunTime:0.000167s ]
INFO: [ app_end ] --START--
INFO: Run Behavior\ShowPageTraceBehavior [ RunTime:0.000301s ]
INFO: [ app_end ] --END-- [ RunTime:0.000325s ]

[ 2017-10-31T20:29:05+08:00 ] 127.0.0.1 /Admin/Index/main.html
INFO: [ app_init ] --START--
INFO: Run Behavior\BuildLiteBehavior [ RunTime:0.000009s ]
INFO: [ app_init ] --END-- [ RunTime:0.000265s ]
INFO: [ app_begin ] --START--
INFO: Run Behavior\ReadHtmlCacheBehavior [ RunTime:0.000358s ]
INFO: [ app_begin ] --END-- [ RunTime:0.000395s ]
NOTIC: [8] Memcache::connect():  E:\PHPstr\jxshop\ThinkPHP\Library\Think\Cache\Driver\Memcache.class.php 第 43 行.
NOTIC: [2] Memcache::connect():  E:\PHPstr\jxshop\ThinkPHP\Library\Think\Cache\Driver\Memcache.class.php 第 43 行.
NOTIC: [2] Memcache::get(): No servers added to memcache connection E:\PHPstr\jxshop\ThinkPHP\Library\Think\Cache\Driver\Memcache.class.php 第 55 行.
SQL: SHOW COLUMNS FROM `jx_admin_role` [ RunTime:0.0241s ]
SQL: SELECT * FROM `jx_admin_role` WHERE ( admin_id =1 ) LIMIT 1   [ RunTime:0.0003s ]
SQL: SELECT * FROM `jx_rule`  [ RunTime:0.0004s ]
NOTIC: [2] Memcache::set(): No servers added to memcache connection E:\PHPstr\jxshop\ThinkPHP\Library\Think\Cache\Driver\Memcache.class.php 第 72 行.
INFO: [ view_parse ] --START--
INFO: [ template_filter ] --START--
INFO: Run Behavior\ContentReplaceBehavior [ RunTime:0.000054s ]
INFO: [ template_filter ] --END-- [ RunTime:0.000094s ]
INFO: Run Behavior\ParseTemplateBehavior [ RunTime:0.022976s ]
INFO: [ view_parse ] --END-- [ RunTime:0.023026s ]
INFO: [ view_filter ] --START--
INFO: Run Behavior\WriteHtmlCacheBehavior [ RunTime:0.000264s ]
INFO: [ view_filter ] --END-- [ RunTime:0.000291s ]
INFO: [ app_end ] --START--
INFO: Run Behavior\ShowPageTraceBehavior [ RunTime:0.000347s ]
INFO: [ app_end ] --END-- [ RunTime:0.000376s ]

[ 2017-10-31T20:29:06+08:00 ] 127.0.0.1 /Admin/Index/menu.html
INFO: [ app_init ] --START--
INFO: Run Behavior\BuildLiteBehavior [ RunTime:0.000028s ]
INFO: [ app_init ] --END-- [ RunTime:0.000257s ]
INFO: [ app_begin ] --START--
INFO: Run Behavior\ReadHtmlCacheBehavior [ RunTime:0.000338s ]
INFO: [ app_begin ] --END-- [ RunTime:0.000423s ]
NOTIC: [8] Memcache::connect():  E:\PHPstr\jxshop\ThinkPHP\Library\Think\Cache\Driver\Memcache.class.php 第 43 行.
NOTIC: [2] Memcache::connect():  E:\PHPstr\jxshop\ThinkPHP\Library\Think\Cache\Driver\Memcache.class.php 第 43 行.
NOTIC: [2] Memcache::get(): No servers added to memcache connection E:\PHPstr\jxshop\ThinkPHP\Library\Think\Cache\Driver\Memcache.class.php 第 55 行.
SQL: SHOW COLUMNS FROM `jx_admin_role` [ RunTime:0.0156s ]
SQL: SELECT * FROM `jx_admin_role` WHERE ( admin_id =1 ) LIMIT 1   [ RunTime:0.0003s ]
SQL: SELECT * FROM `jx_rule`  [ RunTime:0.0004s ]
NOTIC: [2] Memcache::set(): No servers added to memcache connection E:\PHPstr\jxshop\ThinkPHP\Library\Think\Cache\Driver\Memcache.class.php 第 72 行.
INFO: [ view_parse ] --START--
INFO: [ template_filter ] --START--
INFO: Run Behavior\ContentReplaceBehavior [ RunTime:0.000067s ]
INFO: [ template_filter ] --END-- [ RunTime:0.000103s ]
INFO: Run Behavior\ParseTemplateBehavior [ RunTime:0.068880s ]
INFO: [ view_parse ] --END-- [ RunTime:0.068919s ]
INFO: [ view_filter ] --START--
INFO: Run Behavior\WriteHtmlCacheBehavior [ RunTime:0.000241s ]
INFO: [ view_filter ] --END-- [ RunTime:0.000266s ]
INFO: [ app_end ] --START--
INFO: Run Behavior\ShowPageTraceBehavior [ RunTime:0.000441s ]
INFO: [ app_end ] --END-- [ RunTime:0.000519s ]

[ 2017-10-31T20:29:10+08:00 ] 127.0.0.1 /Admin/Index/top.html
INFO: [ app_init ] --START--
INFO: Run Behavior\BuildLiteBehavior [ RunTime:0.000029s ]
INFO: [ app_init ] --END-- [ RunTime:0.000275s ]
INFO: [ app_begin ] --START--
INFO: Run Behavior\ReadHtmlCacheBehavior [ RunTime:0.000345s ]
INFO: [ app_begin ] --END-- [ RunTime:0.000379s ]
NOTIC: [8] Memcache::connect():  E:\PHPstr\jxshop\ThinkPHP\Library\Think\Cache\Driver\Memcache.class.php 第 43 行.
NOTIC: [2] Memcache::connect():  E:\PHPstr\jxshop\ThinkPHP\Library\Think\Cache\Driver\Memcache.class.php 第 43 行.
NOTIC: [2] Memcache::get(): No servers added to memcache connection E:\PHPstr\jxshop\ThinkPHP\Library\Think\Cache\Driver\Memcache.class.php 第 55 行.
SQL: SHOW COLUMNS FROM `jx_admin_role` [ RunTime:0.0255s ]
SQL: SELECT * FROM `jx_admin_role` WHERE ( admin_id =1 ) LIMIT 1   [ RunTime:0.0007s ]
SQL: SELECT * FROM `jx_rule`  [ RunTime:0.0004s ]
NOTIC: [2] Memcache::set(): No servers added to memcache connection E:\PHPstr\jxshop\ThinkPHP\Library\Think\Cache\Driver\Memcache.class.php 第 72 行.
INFO: [ view_parse ] --START--
INFO: [ template_filter ] --START--
INFO: Run Behavior\ContentReplaceBehavior [ RunTime:0.000043s ]
INFO: [ template_filter ] --END-- [ RunTime:0.000075s ]
INFO: Run Behavior\ParseTemplateBehavior [ RunTime:0.005680s ]
INFO: [ view_parse ] --END-- [ RunTime:0.005718s ]
INFO: [ view_filter ] --START--
INFO: Run Behavior\WriteHtmlCacheBehavior [ RunTime:0.000208s ]
INFO: [ view_filter ] --END-- [ RunTime:0.000234s ]
INFO: [ app_end ] --START--
INFO: Run Behavior\ShowPageTraceBehavior [ RunTime:0.000334s ]
INFO: [ app_end ] --END-- [ RunTime:0.000362s ]

