[ 2017-10-22T14:14:25+08:00 ] 127.0.0.1 /admin
INFO: [ app_init ] --START--
INFO: Run Behavior\BuildLiteBehavior [ RunTime:0.000006s ]
INFO: [ app_init ] --END-- [ RunTime:0.000185s ]
INFO: [ app_begin ] --START--
INFO: Run Behavior\ReadHtmlCacheBehavior [ RunTime:0.000239s ]
INFO: [ app_begin ] --END-- [ RunTime:0.000264s ]
INFO: [ view_parse ] --START--
INFO: [ template_filter ] --START--
INFO: Run Behavior\ContentReplaceBehavior [ RunTime:0.000033s ]
INFO: [ template_filter ] --END-- [ RunTime:0.000063s ]
INFO: Run Behavior\ParseTemplateBehavior [ RunTime:0.031431s ]
INFO: [ view_parse ] --END-- [ RunTime:0.031474s ]
INFO: [ view_filter ] --START--
INFO: Run Behavior\WriteHtmlCacheBehavior [ RunTime:0.000161s ]
INFO: [ view_filter ] --END-- [ RunTime:0.000181s ]

[ 2017-10-22T14:14:28+08:00 ] 127.0.0.1 /Admin/Login/login.html
INFO: [ app_init ] --START--
INFO: Run Behavior\BuildLiteBehavior [ RunTime:0.000007s ]
INFO: [ app_init ] --END-- [ RunTime:0.000195s ]
INFO: [ app_begin ] --START--
INFO: Run Behavior\ReadHtmlCacheBehavior [ RunTime:0.000261s ]
INFO: [ app_begin ] --END-- [ RunTime:0.000283s ]
INFO: [ view_parse ] --START--
INFO: [ template_filter ] --START--
INFO: Run Behavior\ContentReplaceBehavior [ RunTime:0.000029s ]
INFO: [ template_filter ] --END-- [ RunTime:0.000058s ]
INFO: Run Behavior\ParseTemplateBehavior [ RunTime:0.042101s ]
INFO: [ view_parse ] --END-- [ RunTime:0.042131s ]
INFO: [ view_filter ] --START--
INFO: Run Behavior\WriteHtmlCacheBehavior [ RunTime:0.000147s ]
INFO: [ view_filter ] --END-- [ RunTime:0.000165s ]
INFO: [ app_end ] --START--
INFO: Run Behavior\ShowPageTraceBehavior [ RunTime:0.000255s ]
INFO: [ app_end ] --END-- [ RunTime:0.000273s ]

[ 2017-10-22T14:14:28+08:00 ] 127.0.0.1 /Admin/Login/verify.html
INFO: [ app_init ] --START--
INFO: Run Behavior\BuildLiteBehavior [ RunTime:0.000007s ]
INFO: [ app_init ] --END-- [ RunTime:0.000209s ]
INFO: [ app_begin ] --START--
INFO: Run Behavior\ReadHtmlCacheBehavior [ RunTime:0.000261s ]
INFO: [ app_begin ] --END-- [ RunTime:0.000284s ]
INFO: [ app_end ] --START--
INFO: Run Behavior\ShowPageTraceBehavior [ RunTime:0.000336s ]
INFO: [ app_end ] --END-- [ RunTime:0.000363s ]

[ 2017-10-22T14:14:32+08:00 ] 127.0.0.1 /Admin/Login/login.html
INFO: [ app_init ] --START--
INFO: Run Behavior\BuildLiteBehavior [ RunTime:0.000005s ]
INFO: [ app_init ] --END-- [ RunTime:0.000186s ]
INFO: [ app_begin ] --START--
INFO: Run Behavior\ReadHtmlCacheBehavior [ RunTime:0.000228s ]
INFO: [ app_begin ] --END-- [ RunTime:0.000251s ]
NOTIC: [2] Declaration of Admin\Model\AdminModel::_after_insert($data) should be compatible with Think\Model::_after_insert($data, $options) E:\PHPstr\jxshop\Application\Admin\Model\AdminModel.class.php 第 7 行.
SQL: SELECT * FROM `jx_admin` WHERE ( username = 'admin' ) LIMIT 1   [ RunTime:0.0014s ]
INFO: [ view_parse ] --START--
INFO: [ template_filter ] --START--
INFO: Run Behavior\ContentReplaceBehavior [ RunTime:0.000022s ]
INFO: [ template_filter ] --END-- [ RunTime:0.000043s ]
INFO: Run Behavior\ParseTemplateBehavior [ RunTime:0.003581s ]
INFO: [ view_parse ] --END-- [ RunTime:0.003607s ]
INFO: [ view_filter ] --START--
INFO: Run Behavior\WriteHtmlCacheBehavior [ RunTime:0.000123s ]
INFO: [ view_filter ] --END-- [ RunTime:0.000141s ]
INFO: [ app_end ] --START--
INFO: Run Behavior\ShowPageTraceBehavior [ RunTime:0.000250s ]
INFO: [ app_end ] --END-- [ RunTime:0.000268s ]

[ 2017-10-22T14:14:34+08:00 ] 127.0.0.1 /Admin/Index/index.html
INFO: [ app_init ] --START--
INFO: Run Behavior\BuildLiteBehavior [ RunTime:0.000006s ]
INFO: [ app_init ] --END-- [ RunTime:0.000193s ]
INFO: [ app_begin ] --START--
INFO: Run Behavior\ReadHtmlCacheBehavior [ RunTime:0.000234s ]
INFO: [ app_begin ] --END-- [ RunTime:0.000256s ]
SQL: SHOW COLUMNS FROM `jx_admin_role` [ RunTime:0.0307s ]
SQL: SELECT * FROM `jx_admin_role` WHERE ( admin_id =1 ) LIMIT 1   [ RunTime:0.0003s ]
SQL: SELECT * FROM `jx_rule`  [ RunTime:0.0009s ]
INFO: [ view_parse ] --START--
INFO: [ template_filter ] --START--
INFO: Run Behavior\ContentReplaceBehavior [ RunTime:0.000019s ]
INFO: [ template_filter ] --END-- [ RunTime:0.000047s ]
INFO: Run Behavior\ParseTemplateBehavior [ RunTime:0.022804s ]
INFO: [ view_parse ] --END-- [ RunTime:0.022834s ]
INFO: [ view_filter ] --START--
INFO: Run Behavior\WriteHtmlCacheBehavior [ RunTime:0.000138s ]
INFO: [ view_filter ] --END-- [ RunTime:0.000156s ]
INFO: [ app_end ] --START--
INFO: Run Behavior\ShowPageTraceBehavior [ RunTime:0.000272s ]
INFO: [ app_end ] --END-- [ RunTime:0.000291s ]

[ 2017-10-22T14:14:34+08:00 ] 127.0.0.1 /Admin/Index/top.html
INFO: [ app_init ] --START--
INFO: Run Behavior\BuildLiteBehavior [ RunTime:0.000005s ]
INFO: [ app_init ] --END-- [ RunTime:0.000185s ]
INFO: [ app_begin ] --START--
INFO: Run Behavior\ReadHtmlCacheBehavior [ RunTime:0.000295s ]
INFO: [ app_begin ] --END-- [ RunTime:0.000318s ]
SQL: SHOW COLUMNS FROM `jx_admin_role` [ RunTime:0.0064s ]
SQL: SELECT * FROM `jx_admin_role` WHERE ( admin_id =1 ) LIMIT 1   [ RunTime:0.0002s ]
SQL: SELECT * FROM `jx_rule`  [ RunTime:0.0004s ]
INFO: [ view_parse ] --START--
INFO: [ template_filter ] --START--
INFO: Run Behavior\ContentReplaceBehavior [ RunTime:0.000033s ]
INFO: [ template_filter ] --END-- [ RunTime:0.000061s ]
INFO: Run Behavior\ParseTemplateBehavior [ RunTime:0.027284s ]
INFO: [ view_parse ] --END-- [ RunTime:0.027314s ]
INFO: [ view_filter ] --START--
INFO: Run Behavior\WriteHtmlCacheBehavior [ RunTime:0.000144s ]
INFO: [ view_filter ] --END-- [ RunTime:0.000161s ]
INFO: [ app_end ] --START--
INFO: Run Behavior\ShowPageTraceBehavior [ RunTime:0.000281s ]
INFO: [ app_end ] --END-- [ RunTime:0.000300s ]

[ 2017-10-22T14:14:35+08:00 ] 127.0.0.1 /Admin/Index/menu.html
INFO: [ app_init ] --START--
INFO: Run Behavior\BuildLiteBehavior [ RunTime:0.000007s ]
INFO: [ app_init ] --END-- [ RunTime:0.000309s ]
INFO: [ app_begin ] --START--
INFO: Run Behavior\ReadHtmlCacheBehavior [ RunTime:0.000250s ]
INFO: [ app_begin ] --END-- [ RunTime:0.000273s ]
SQL: SHOW COLUMNS FROM `jx_admin_role` [ RunTime:0.0176s ]
SQL: SELECT * FROM `jx_admin_role` WHERE ( admin_id =1 ) LIMIT 1   [ RunTime:0.0003s ]
SQL: SELECT * FROM `jx_rule`  [ RunTime:0.0003s ]
INFO: [ view_parse ] --START--
INFO: [ template_filter ] --START--
INFO: Run Behavior\ContentReplaceBehavior [ RunTime:0.000057s ]
INFO: [ template_filter ] --END-- [ RunTime:0.000084s ]
INFO: Run Behavior\ParseTemplateBehavior [ RunTime:0.077829s ]
INFO: [ view_parse ] --END-- [ RunTime:0.077857s ]
INFO: [ view_filter ] --START--
INFO: Run Behavior\WriteHtmlCacheBehavior [ RunTime:0.000136s ]
INFO: [ view_filter ] --END-- [ RunTime:0.000153s ]
INFO: [ app_end ] --START--
INFO: Run Behavior\ShowPageTraceBehavior [ RunTime:0.000364s ]
INFO: [ app_end ] --END-- [ RunTime:0.000385s ]

[ 2017-10-22T14:14:35+08:00 ] 127.0.0.1 /Admin/Index/main.html
INFO: [ app_init ] --START--
INFO: Run Behavior\BuildLiteBehavior [ RunTime:0.000007s ]
INFO: [ app_init ] --END-- [ RunTime:0.000252s ]
INFO: [ app_begin ] --START--
INFO: Run Behavior\ReadHtmlCacheBehavior [ RunTime:0.000285s ]
INFO: [ app_begin ] --END-- [ RunTime:0.000309s ]
SQL: SHOW COLUMNS FROM `jx_admin_role` [ RunTime:0.0046s ]
SQL: SELECT * FROM `jx_admin_role` WHERE ( admin_id =1 ) LIMIT 1   [ RunTime:0.0002s ]
SQL: SELECT * FROM `jx_rule`  [ RunTime:0.0004s ]
INFO: [ view_parse ] --START--
INFO: [ template_filter ] --START--
INFO: Run Behavior\ContentReplaceBehavior [ RunTime:0.000055s ]
INFO: [ template_filter ] --END-- [ RunTime:0.000095s ]
INFO: Run Behavior\ParseTemplateBehavior [ RunTime:0.033369s ]
INFO: [ view_parse ] --END-- [ RunTime:0.033405s ]
INFO: [ view_filter ] --START--
INFO: Run Behavior\WriteHtmlCacheBehavior [ RunTime:0.000186s ]
INFO: [ view_filter ] --END-- [ RunTime:0.000205s ]
INFO: [ app_end ] --START--
INFO: Run Behavior\ShowPageTraceBehavior [ RunTime:0.000316s ]
INFO: [ app_end ] --END-- [ RunTime:0.000335s ]

[ 2017-10-22T14:14:40+08:00 ] 127.0.0.1 /admin/goods/index.html
INFO: [ app_init ] --START--
INFO: Run Behavior\BuildLiteBehavior [ RunTime:0.000009s ]
INFO: [ app_init ] --END-- [ RunTime:0.000197s ]
INFO: [ app_begin ] --START--
INFO: Run Behavior\ReadHtmlCacheBehavior [ RunTime:0.000230s ]
INFO: [ app_begin ] --END-- [ RunTime:0.000252s ]
SQL: SHOW COLUMNS FROM `jx_admin_role` [ RunTime:0.0160s ]
SQL: SELECT * FROM `jx_admin_role` WHERE ( admin_id =1 ) LIMIT 1   [ RunTime:0.0003s ]
SQL: SELECT * FROM `jx_rule`  [ RunTime:0.0003s ]
SQL: SELECT * FROM `jx_category`  [ RunTime:0.0002s ]
NOTIC: [2] Declaration of Admin\Model\GoodsModel::_before_insert(&$data) should be compatible with Think\Model::_before_insert(&$data, $options) E:\PHPstr\jxshop\Application\Admin\Model\GoodsModel.class.php 第 380 行.
NOTIC: [2] Declaration of Admin\Model\GoodsModel::_after_insert($data) should be compatible with Think\Model::_after_insert($data, $options) E:\PHPstr\jxshop\Application\Admin\Model\GoodsModel.class.php 第 380 行.
SQL: SELECT COUNT(*) AS tp_count FROM `jx_goods` WHERE ( isdel=1 ) LIMIT 1   [ RunTime:0.0003s ]
SQL: SELECT * FROM `jx_goods` WHERE ( isdel=1 ) LIMIT 0,5   [ RunTime:0.0004s ]
INFO: [ view_parse ] --START--
INFO: [ template_filter ] --START--
INFO: Run Behavior\ContentReplaceBehavior [ RunTime:0.000043s ]
INFO: [ template_filter ] --END-- [ RunTime:0.000069s ]
NOTIC: [8] Undefined index: cate_id E:\PHPstr\jxshop\Application\Runtime\Cache\Admin\9ce8eac8d2713f300aacb86a396bc850.php 第 22 行.
NOTIC: [8] Undefined index: cate_id E:\PHPstr\jxshop\Application\Runtime\Cache\Admin\9ce8eac8d2713f300aacb86a396bc850.php 第 22 行.
NOTIC: [8] Undefined index: cate_id E:\PHPstr\jxshop\Application\Runtime\Cache\Admin\9ce8eac8d2713f300aacb86a396bc850.php 第 22 行.
NOTIC: [8] Undefined index: cate_id E:\PHPstr\jxshop\Application\Runtime\Cache\Admin\9ce8eac8d2713f300aacb86a396bc850.php 第 22 行.
NOTIC: [8] Undefined index: cate_id E:\PHPstr\jxshop\Application\Runtime\Cache\Admin\9ce8eac8d2713f300aacb86a396bc850.php 第 22 行.
NOTIC: [8] Undefined index: cate_id E:\PHPstr\jxshop\Application\Runtime\Cache\Admin\9ce8eac8d2713f300aacb86a396bc850.php 第 22 行.
NOTIC: [8] Undefined index: cate_id E:\PHPstr\jxshop\Application\Runtime\Cache\Admin\9ce8eac8d2713f300aacb86a396bc850.php 第 22 行.
NOTIC: [8] Undefined index: cate_id E:\PHPstr\jxshop\Application\Runtime\Cache\Admin\9ce8eac8d2713f300aacb86a396bc850.php 第 22 行.
NOTIC: [8] Undefined index: cate_id E:\PHPstr\jxshop\Application\Runtime\Cache\Admin\9ce8eac8d2713f300aacb86a396bc850.php 第 22 行.
NOTIC: [8] Undefined index: intro_type E:\PHPstr\jxshop\Application\Runtime\Cache\Admin\9ce8eac8d2713f300aacb86a396bc850.php 第 28 行.
NOTIC: [8] Undefined index: intro_type E:\PHPstr\jxshop\Application\Runtime\Cache\Admin\9ce8eac8d2713f300aacb86a396bc850.php 第 29 行.
NOTIC: [8] Undefined index: intro_type E:\PHPstr\jxshop\Application\Runtime\Cache\Admin\9ce8eac8d2713f300aacb86a396bc850.php 第 30 行.
NOTIC: [8] Undefined index: is_sale E:\PHPstr\jxshop\Application\Runtime\Cache\Admin\9ce8eac8d2713f300aacb86a396bc850.php 第 35 行.
NOTIC: [8] Undefined index: is_sale E:\PHPstr\jxshop\Application\Runtime\Cache\Admin\9ce8eac8d2713f300aacb86a396bc850.php 第 36 行.
NOTIC: [8] Undefined index: keyword E:\PHPstr\jxshop\Application\Runtime\Cache\Admin\9ce8eac8d2713f300aacb86a396bc850.php 第 39 行.
INFO: Run Behavior\ParseTemplateBehavior [ RunTime:0.041740s ]
INFO: [ view_parse ] --END-- [ RunTime:0.041765s ]
INFO: [ view_filter ] --START--
INFO: Run Behavior\WriteHtmlCacheBehavior [ RunTime:0.000138s ]
INFO: [ view_filter ] --END-- [ RunTime:0.000155s ]
INFO: [ app_end ] --START--
INFO: Run Behavior\ShowPageTraceBehavior [ RunTime:0.000500s ]
INFO: [ app_end ] --END-- [ RunTime:0.000528s ]

[ 2017-10-22T14:14:42+08:00 ] 127.0.0.1 /Admin/Goods/setNumber/goods_id/53.html
INFO: [ app_init ] --START--
INFO: Run Behavior\BuildLiteBehavior [ RunTime:0.000007s ]
INFO: [ app_init ] --END-- [ RunTime:0.000198s ]
INFO: [ app_begin ] --START--
INFO: Run Behavior\ReadHtmlCacheBehavior [ RunTime:0.000803s ]
INFO: [ app_begin ] --END-- [ RunTime:0.000855s ]
SQL: SHOW COLUMNS FROM `jx_admin_role` [ RunTime:0.0186s ]
SQL: SELECT * FROM `jx_admin_role` WHERE ( admin_id =1 ) LIMIT 1   [ RunTime:0.0003s ]
SQL: SELECT * FROM `jx_rule`  [ RunTime:0.0004s ]
SQL: SELECT a.*,b.attr_name,`attr_type`,`attr_input_type`,`attr_value` FROM jx_goods_attr a left join jx_attribute b on a.attr_id = b.id   WHERE ( a.goods_id = 53 and b.attr_type = 2 )  [ RunTime:0.0004s ]
SQL: SHOW COLUMNS FROM `jx_goods_number` [ RunTime:0.0066s ]
SQL: SELECT * FROM `jx_goods_number` WHERE ( goods_id=53 )  [ RunTime:0.0004s ]
INFO: [ view_parse ] --START--
INFO: [ template_filter ] --START--
INFO: Run Behavior\ContentReplaceBehavior [ RunTime:0.000033s ]
INFO: [ template_filter ] --END-- [ RunTime:0.000058s ]
INFO: Run Behavior\ParseTemplateBehavior [ RunTime:0.071591s ]
INFO: [ view_parse ] --END-- [ RunTime:0.071623s ]
INFO: [ view_filter ] --START--
INFO: Run Behavior\WriteHtmlCacheBehavior [ RunTime:0.000138s ]
INFO: [ view_filter ] --END-- [ RunTime:0.000156s ]
INFO: [ app_end ] --START--
INFO: Run Behavior\ShowPageTraceBehavior [ RunTime:0.000261s ]
INFO: [ app_end ] --END-- [ RunTime:0.000280s ]

[ 2017-10-22T14:14:49+08:00 ] 127.0.0.1 /admin/goods/index.html
INFO: [ app_init ] --START--
INFO: Run Behavior\BuildLiteBehavior [ RunTime:0.000005s ]
INFO: [ app_init ] --END-- [ RunTime:0.000183s ]
INFO: [ app_begin ] --START--
INFO: Run Behavior\ReadHtmlCacheBehavior [ RunTime:0.000227s ]
INFO: [ app_begin ] --END-- [ RunTime:0.000249s ]
SQL: SHOW COLUMNS FROM `jx_admin_role` [ RunTime:0.0108s ]
SQL: SELECT * FROM `jx_admin_role` WHERE ( admin_id =1 ) LIMIT 1   [ RunTime:0.0003s ]
SQL: SELECT * FROM `jx_rule`  [ RunTime:0.0003s ]
SQL: SELECT * FROM `jx_category`  [ RunTime:0.0002s ]
NOTIC: [2] Declaration of Admin\Model\GoodsModel::_before_insert(&$data) should be compatible with Think\Model::_before_insert(&$data, $options) E:\PHPstr\jxshop\Application\Admin\Model\GoodsModel.class.php 第 380 行.
NOTIC: [2] Declaration of Admin\Model\GoodsModel::_after_insert($data) should be compatible with Think\Model::_after_insert($data, $options) E:\PHPstr\jxshop\Application\Admin\Model\GoodsModel.class.php 第 380 行.
SQL: SELECT COUNT(*) AS tp_count FROM `jx_goods` WHERE ( isdel=1 ) LIMIT 1   [ RunTime:0.0002s ]
SQL: SELECT * FROM `jx_goods` WHERE ( isdel=1 ) LIMIT 0,5   [ RunTime:0.0004s ]
INFO: [ view_parse ] --START--
INFO: [ template_filter ] --START--
INFO: Run Behavior\ContentReplaceBehavior [ RunTime:0.000041s ]
INFO: [ template_filter ] --END-- [ RunTime:0.000066s ]
NOTIC: [8] Undefined index: cate_id E:\PHPstr\jxshop\Application\Runtime\Cache\Admin\9ce8eac8d2713f300aacb86a396bc850.php 第 22 行.
NOTIC: [8] Undefined index: cate_id E:\PHPstr\jxshop\Application\Runtime\Cache\Admin\9ce8eac8d2713f300aacb86a396bc850.php 第 22 行.
NOTIC: [8] Undefined index: cate_id E:\PHPstr\jxshop\Application\Runtime\Cache\Admin\9ce8eac8d2713f300aacb86a396bc850.php 第 22 行.
NOTIC: [8] Undefined index: cate_id E:\PHPstr\jxshop\Application\Runtime\Cache\Admin\9ce8eac8d2713f300aacb86a396bc850.php 第 22 行.
NOTIC: [8] Undefined index: cate_id E:\PHPstr\jxshop\Application\Runtime\Cache\Admin\9ce8eac8d2713f300aacb86a396bc850.php 第 22 行.
NOTIC: [8] Undefined index: cate_id E:\PHPstr\jxshop\Application\Runtime\Cache\Admin\9ce8eac8d2713f300aacb86a396bc850.php 第 22 行.
NOTIC: [8] Undefined index: cate_id E:\PHPstr\jxshop\Application\Runtime\Cache\Admin\9ce8eac8d2713f300aacb86a396bc850.php 第 22 行.
NOTIC: [8] Undefined index: cate_id E:\PHPstr\jxshop\Application\Runtime\Cache\Admin\9ce8eac8d2713f300aacb86a396bc850.php 第 22 行.
NOTIC: [8] Undefined index: cate_id E:\PHPstr\jxshop\Application\Runtime\Cache\Admin\9ce8eac8d2713f300aacb86a396bc850.php 第 22 行.
NOTIC: [8] Undefined index: intro_type E:\PHPstr\jxshop\Application\Runtime\Cache\Admin\9ce8eac8d2713f300aacb86a396bc850.php 第 28 行.
NOTIC: [8] Undefined index: intro_type E:\PHPstr\jxshop\Application\Runtime\Cache\Admin\9ce8eac8d2713f300aacb86a396bc850.php 第 29 行.
NOTIC: [8] Undefined index: intro_type E:\PHPstr\jxshop\Application\Runtime\Cache\Admin\9ce8eac8d2713f300aacb86a396bc850.php 第 30 行.
NOTIC: [8] Undefined index: is_sale E:\PHPstr\jxshop\Application\Runtime\Cache\Admin\9ce8eac8d2713f300aacb86a396bc850.php 第 35 行.
NOTIC: [8] Undefined index: is_sale E:\PHPstr\jxshop\Application\Runtime\Cache\Admin\9ce8eac8d2713f300aacb86a396bc850.php 第 36 行.
NOTIC: [8] Undefined index: keyword E:\PHPstr\jxshop\Application\Runtime\Cache\Admin\9ce8eac8d2713f300aacb86a396bc850.php 第 39 行.
INFO: Run Behavior\ParseTemplateBehavior [ RunTime:0.005405s ]
INFO: [ view_parse ] --END-- [ RunTime:0.005426s ]
INFO: [ view_filter ] --START--
INFO: Run Behavior\WriteHtmlCacheBehavior [ RunTime:0.000137s ]
INFO: [ view_filter ] --END-- [ RunTime:0.000154s ]
INFO: [ app_end ] --START--
INFO: Run Behavior\ShowPageTraceBehavior [ RunTime:0.000360s ]
INFO: [ app_end ] --END-- [ RunTime:0.000380s ]

[ 2017-10-22T14:14:50+08:00 ] 127.0.0.1 /admin/goods/index.html
INFO: [ app_init ] --START--
INFO: Run Behavior\BuildLiteBehavior [ RunTime:0.000005s ]
INFO: [ app_init ] --END-- [ RunTime:0.000172s ]
INFO: [ app_begin ] --START--
INFO: Run Behavior\ReadHtmlCacheBehavior [ RunTime:0.000235s ]
INFO: [ app_begin ] --END-- [ RunTime:0.000291s ]
SQL: SHOW COLUMNS FROM `jx_admin_role` [ RunTime:0.0161s ]
SQL: SELECT * FROM `jx_admin_role` WHERE ( admin_id =1 ) LIMIT 1   [ RunTime:0.0003s ]
SQL: SELECT * FROM `jx_rule`  [ RunTime:0.0006s ]
SQL: SELECT * FROM `jx_category`  [ RunTime:0.0004s ]
NOTIC: [2] Declaration of Admin\Model\GoodsModel::_before_insert(&$data) should be compatible with Think\Model::_before_insert(&$data, $options) E:\PHPstr\jxshop\Application\Admin\Model\GoodsModel.class.php 第 380 行.
NOTIC: [2] Declaration of Admin\Model\GoodsModel::_after_insert($data) should be compatible with Think\Model::_after_insert($data, $options) E:\PHPstr\jxshop\Application\Admin\Model\GoodsModel.class.php 第 380 行.
SQL: SELECT COUNT(*) AS tp_count FROM `jx_goods` WHERE ( isdel=1 ) LIMIT 1   [ RunTime:0.0002s ]
SQL: SELECT * FROM `jx_goods` WHERE ( isdel=1 ) LIMIT 0,5   [ RunTime:0.0004s ]
INFO: [ view_parse ] --START--
INFO: [ template_filter ] --START--
INFO: Run Behavior\ContentReplaceBehavior [ RunTime:0.000038s ]
INFO: [ template_filter ] --END-- [ RunTime:0.000059s ]
NOTIC: [8] Undefined index: cate_id E:\PHPstr\jxshop\Application\Runtime\Cache\Admin\9ce8eac8d2713f300aacb86a396bc850.php 第 22 行.
NOTIC: [8] Undefined index: cate_id E:\PHPstr\jxshop\Application\Runtime\Cache\Admin\9ce8eac8d2713f300aacb86a396bc850.php 第 22 行.
NOTIC: [8] Undefined index: cate_id E:\PHPstr\jxshop\Application\Runtime\Cache\Admin\9ce8eac8d2713f300aacb86a396bc850.php 第 22 行.
NOTIC: [8] Undefined index: cate_id E:\PHPstr\jxshop\Application\Runtime\Cache\Admin\9ce8eac8d2713f300aacb86a396bc850.php 第 22 行.
NOTIC: [8] Undefined index: cate_id E:\PHPstr\jxshop\Application\Runtime\Cache\Admin\9ce8eac8d2713f300aacb86a396bc850.php 第 22 行.
NOTIC: [8] Undefined index: cate_id E:\PHPstr\jxshop\Application\Runtime\Cache\Admin\9ce8eac8d2713f300aacb86a396bc850.php 第 22 行.
NOTIC: [8] Undefined index: cate_id E:\PHPstr\jxshop\Application\Runtime\Cache\Admin\9ce8eac8d2713f300aacb86a396bc850.php 第 22 行.
NOTIC: [8] Undefined index: cate_id E:\PHPstr\jxshop\Application\Runtime\Cache\Admin\9ce8eac8d2713f300aacb86a396bc850.php 第 22 行.
NOTIC: [8] Undefined index: cate_id E:\PHPstr\jxshop\Application\Runtime\Cache\Admin\9ce8eac8d2713f300aacb86a396bc850.php 第 22 行.
NOTIC: [8] Undefined index: intro_type E:\PHPstr\jxshop\Application\Runtime\Cache\Admin\9ce8eac8d2713f300aacb86a396bc850.php 第 28 行.
NOTIC: [8] Undefined index: intro_type E:\PHPstr\jxshop\Application\Runtime\Cache\Admin\9ce8eac8d2713f300aacb86a396bc850.php 第 29 行.
NOTIC: [8] Undefined index: intro_type E:\PHPstr\jxshop\Application\Runtime\Cache\Admin\9ce8eac8d2713f300aacb86a396bc850.php 第 30 行.
NOTIC: [8] Undefined index: is_sale E:\PHPstr\jxshop\Application\Runtime\Cache\Admin\9ce8eac8d2713f300aacb86a396bc850.php 第 35 行.
NOTIC: [8] Undefined index: is_sale E:\PHPstr\jxshop\Application\Runtime\Cache\Admin\9ce8eac8d2713f300aacb86a396bc850.php 第 36 行.
NOTIC: [8] Undefined index: keyword E:\PHPstr\jxshop\Application\Runtime\Cache\Admin\9ce8eac8d2713f300aacb86a396bc850.php 第 39 行.
INFO: Run Behavior\ParseTemplateBehavior [ RunTime:0.004899s ]
INFO: [ view_parse ] --END-- [ RunTime:0.004919s ]
INFO: [ view_filter ] --START--
INFO: Run Behavior\WriteHtmlCacheBehavior [ RunTime:0.000133s ]
INFO: [ view_filter ] --END-- [ RunTime:0.000150s ]
INFO: [ app_end ] --START--
INFO: Run Behavior\ShowPageTraceBehavior [ RunTime:0.000373s ]
INFO: [ app_end ] --END-- [ RunTime:0.000425s ]

[ 2017-10-22T14:14:52+08:00 ] 127.0.0.1 /Admin/Goods/edit/id/53.html
INFO: [ app_init ] --START--
INFO: Run Behavior\BuildLiteBehavior [ RunTime:0.000006s ]
INFO: [ app_init ] --END-- [ RunTime:0.000184s ]
INFO: [ app_begin ] --START--
INFO: Run Behavior\ReadHtmlCacheBehavior [ RunTime:0.000231s ]
INFO: [ app_begin ] --END-- [ RunTime:0.000253s ]
SQL: SHOW COLUMNS FROM `jx_admin_role` [ RunTime:0.0165s ]
SQL: SELECT * FROM `jx_admin_role` WHERE ( admin_id =1 ) LIMIT 1   [ RunTime:0.0006s ]
SQL: SELECT * FROM `jx_rule`  [ RunTime:0.0007s ]
NOTIC: [2] Declaration of Admin\Model\GoodsModel::_before_insert(&$data) should be compatible with Think\Model::_before_insert(&$data, $options) E:\PHPstr\jxshop\Application\Admin\Model\GoodsModel.class.php 第 380 行.
NOTIC: [2] Declaration of Admin\Model\GoodsModel::_after_insert($data) should be compatible with Think\Model::_after_insert($data, $options) E:\PHPstr\jxshop\Application\Admin\Model\GoodsModel.class.php 第 380 行.
SQL: SELECT * FROM `jx_goods` WHERE `id` = 53 LIMIT 1   [ RunTime:0.0004s ]
SQL: SELECT * FROM `jx_category`  [ RunTime:0.0002s ]
SQL: SHOW COLUMNS FROM `jx_goods_cate` [ RunTime:0.0064s ]
SQL: SELECT * FROM `jx_goods_cate` WHERE ( goods_id=53 )  [ RunTime:0.0002s ]
SQL: SELECT * FROM `jx_type`  [ RunTime:0.0002s ]
SQL: SHOW COLUMNS FROM `jx_goods_attr` [ RunTime:0.0069s ]
SQL: SELECT a.*,b.attr_name,b.attr_type,b.attr_input_type,b.attr_value FROM jx_goods_attr a left join jx_attribute b on a.attr_id=b.id  WHERE ( a.goods_id=53 )  [ RunTime:0.0003s ]
SQL: SHOW COLUMNS FROM `jx_goods_img` [ RunTime:0.0076s ]
SQL: SELECT * FROM `jx_goods_img` WHERE ( goods_id=53 )  [ RunTime:0.0003s ]
INFO: [ view_parse ] --START--
INFO: [ template_filter ] --START--
INFO: Run Behavior\ContentReplaceBehavior [ RunTime:0.000167s ]
INFO: [ template_filter ] --END-- [ RunTime:0.000214s ]
INFO: Run Behavior\ParseTemplateBehavior [ RunTime:0.227091s ]
INFO: [ view_parse ] --END-- [ RunTime:0.227119s ]
INFO: [ view_filter ] --START--
INFO: Run Behavior\WriteHtmlCacheBehavior [ RunTime:0.000149s ]
INFO: [ view_filter ] --END-- [ RunTime:0.000167s ]
INFO: [ app_end ] --START--
INFO: Run Behavior\ShowPageTraceBehavior [ RunTime:0.000408s ]
INFO: [ app_end ] --END-- [ RunTime:0.000441s ]

